<?xml version="1.0" encoding="utf-8"?><testsuites name="pytest tests"><testsuite name="pytest" errors="0" failures="0" skipped="0" tests="5" time="1.058" timestamp="2026-09-06T14:34:57.122246+00:00" hostname="agent-env-83c5c42c-5be9-48ee-8b1f-5bfe8b994957"><testcase classname="tests.test_backend" name="test_root" time="0.192" /><testcase classname="tests.test_backend" name="test_create_run_and_leaderboard" time="0.135" /><testcase classname="tests.test_backend" name="test_validation_empty_nickname" time="0.066" /><testcase classname="tests.test_backend" name="test_validation_long_nickname" time="0.065" /><testcase classname="tests.test_backend" name="test_validation_wave_range" time="0.067" /></testsuite></testsuites>